<?xml version="1.0" encoding="UTF-8"?>
<!-- Generated by org.testng.reporters.JUnitXMLReporter -->
<testsuite hostname="lwang" name="Test name 2" tests="5" failures="0" timestamp="19 Feb 2015 05:49:21 GMT" time="11.076" errors="0">
  <testcase name="f" time="4.481" classname="TestNGTwoPackage.TestOne"/>
  <testcase name="Test4" time="0.001" classname="TestNGTwoPackage.TestTwo"/>
  <testcase name="Test3" time="0.001" classname="TestNGTwoPackage.TestTwo"/>
  <testcase name="Test2" time="0.001" classname="TestNGTwoPackage.TestTwo"/>
  <testcase name="Test1" time="0.001" classname="TestNGTwoPackage.TestTwo"/>
</testsuite> <!-- Test name 2 -->
