<?xml version="1.0" encoding="UTF-8"?>
<!-- Generated by org.testng.reporters.JUnitXMLReporter -->
<testsuite hostname="lwang" name="Test name 1" tests="2" failures="0" timestamp="19 Feb 2015 05:49:10 GMT" time="0.964" errors="0">
  <testcase name="SkipTest" time="0.267" classname="TestNGOnePackage.ClassOne">
    <skipped/>
  </testcase> <!-- SkipTest -->
  <testcase name="f" time="0.002" classname="TestNGOnePackage.ClassTwo">
    <skipped/>
  </testcase> <!-- f -->
</testsuite> <!-- Test name 1 -->
